<?xml version="1.0" encoding="UTF-8"?>
<testsuite name="JUnit Jupiter" tests="15" skipped="0" failures="0" errors="0" time="13.183" hostname="DESKTOP-40T4KNA" timestamp="2019-06-01T15:19:10">
<properties>
[...]
</properties>
<testcase name="testArguments()" classname="it.uniba.parsing.ArgumentsTest" time="0.023">
<system-out><![CDATA[
unique-id: [engine:junit-jupiter]/[class:it.uniba.parsing.ArgumentsTest]/[method:testArguments()]
display-name: testArguments()
]]></system-out>
</testcase>
<testcase name="testParser()" classname="it.uniba.parsing.ParserTest" time="0.003">
<system-out><![CDATA[
unique-id: [engine:junit-jupiter]/[class:it.uniba.parsing.ParserTest]/[method:testParser()]
display-name: testParser()
]]></system-out>
</testcase>
<testcase name="testQueryYearMonthDayQuestion()" classname="it.uniba.query.QueryDirectorTest" time="0.009">
<system-out><![CDATA[
unique-id: [engine:junit-jupiter]/[class:it.uniba.query.QueryDirectorTest]/[method:testQueryYearMonthDayQuestion()]
display-name: testQueryYearMonthDayQuestion()
]]></system-out>
</testcase>
<testcase name="testQueryYearMonthDayQuestionEdgeWeight()" classname="it.uniba.query.QueryDirectorTest" time="0.006">
<system-out><![CDATA[
unique-id: [engine:junit-jupiter]/[class:it.uniba.query.QueryDirectorTest]/[method:testQueryYearMonthDayQuestionEdgeWeight()]
display-name: testQueryYearMonthDayQuestionEdgeWeight()
]]></system-out>
</testcase>
<testcase name="testQueryYearMonthDayQuestionEdge()" classname="it.uniba.query.QueryDirectorTest" time="0.002">
<system-out><![CDATA[
unique-id: [engine:junit-jupiter]/[class:it.uniba.query.QueryDirectorTest]/[method:testQueryYearMonthDayQuestionEdge()]
display-name: testQueryYearMonthDayQuestionEdge()
]]></system-out>
</testcase>
<testcase name="testQueryAnswerUserEdge()" classname="it.uniba.query.QueryDirectorTest" time="0.001">
<system-out><![CDATA[
unique-id: [engine:junit-jupiter]/[class:it.uniba.query.QueryDirectorTest]/[method:testQueryAnswerUserEdge()]
display-name: testQueryAnswerUserEdge()
]]></system-out>
</testcase>
<testcase name="testQueryYearMonthDayNoType()" classname="it.uniba.query.QueryDirectorTest" time="0.002">
<system-out><![CDATA[
unique-id: [engine:junit-jupiter]/[class:it.uniba.query.QueryDirectorTest]/[method:testQueryYearMonthDayNoType()]
display-name: testQueryYearMonthDayNoType()
]]></system-out>
</testcase>
<testcase name="testQueryYearMonthDayPost()" classname="it.uniba.query.QueryDirectorTest" time="0.001">
<system-out><![CDATA[
unique-id: [engine:junit-jupiter]/[class:it.uniba.query.QueryDirectorTest]/[method:testQueryYearMonthDayPost()]
display-name: testQueryYearMonthDayPost()
]]></system-out>
</testcase>
<testcase name="testQueryAnswerUserEdgeWeight()" classname="it.uniba.query.QueryDirectorTest" time="0.001">
<system-out><![CDATA[
unique-id: [engine:junit-jupiter]/[class:it.uniba.query.QueryDirectorTest]/[method:testQueryAnswerUserEdgeWeight()]
display-name: testQueryAnswerUserEdgeWeight()
]]></system-out>
</testcase>
<testcase name="testQueryYearMonthAnswerTag()" classname="it.uniba.query.QueryDirectorTest" time="0.002">
<system-out><![CDATA[
unique-id: [engine:junit-jupiter]/[class:it.uniba.query.QueryDirectorTest]/[method:testQueryYearMonthAnswerTag()]
display-name: testQueryYearMonthAnswerTag()
]]></system-out>
</testcase>
<testcase name="testQueryYearMonthPostTag()" classname="it.uniba.query.QueryDirectorTest" time="0.001">
<system-out><![CDATA[
unique-id: [engine:junit-jupiter]/[class:it.uniba.query.QueryDirectorTest]/[method:testQueryYearMonthPostTag()]
display-name: testQueryYearMonthPostTag()
]]></system-out>
</testcase>
<testcase name="testcreateSheet()" classname="it.uniba.sotorrent.GoogleDocsUtilsTest" time="1.963">
<system-out><![CDATA[
unique-id: [engine:junit-jupiter]/[class:it.uniba.sotorrent.GoogleDocsUtilsTest]/[method:testcreateSheet()]
display-name: testcreateSheet()
]]></system-out>
</testcase>
<testcase name="testgetResultThreeColumns()" classname="it.uniba.sotorrent.SOQueryTest" time="3.857">
<system-out><![CDATA[
unique-id: [engine:junit-jupiter]/[class:it.uniba.sotorrent.SOQueryTest]/[method:testgetResultThreeColumns()]
display-name: testgetResultThreeColumns()
]]></system-out>
</testcase>
<testcase name="testgetResultTwoColumns()" classname="it.uniba.sotorrent.SOQueryTest" time="2.723">
<system-out><![CDATA[
unique-id: [engine:junit-jupiter]/[class:it.uniba.sotorrent.SOQueryTest]/[method:testgetResultTwoColumns()]
display-name: testgetResultTwoColumns()
]]></system-out>
</testcase>
<testcase name="testgetResultOneColumn()" classname="it.uniba.sotorrent.SOQueryTest" time="3.265">
<system-out><![CDATA[
unique-id: [engine:junit-jupiter]/[class:it.uniba.sotorrent.SOQueryTest]/[method:testgetResultOneColumn()]
display-name: testgetResultOneColumn()
]]></system-out>
</testcase>
<system-out><![CDATA[
unique-id: [engine:junit-jupiter]
display-name: JUnit Jupiter
]]></system-out>
</testsuite>
