<?xml version="1.0" encoding="UTF-8"?>
<testsuite name="JUnit Jupiter" tests="15" skipped="0" failures="0" errors="0" time="13.659" hostname="loreloc-pc" timestamp="2019-06-01T10:03:12">
<properties>
[...]
</properties>
<testcase name="testQueryYearMonthDayQuestion()" classname="it.uniba.query.QueryTest" time="0.015">
<system-out><![CDATA[
unique-id: [engine:junit-jupiter]/[class:it.uniba.query.QueryTest]/[method:testQueryYearMonthDayQuestion()]
display-name: testQueryYearMonthDayQuestion()
]]></system-out>
</testcase>
<testcase name="testQueryYearMonthDayQuestionEdgeWeight()" classname="it.uniba.query.QueryTest" time="0.001">
<system-out><![CDATA[
unique-id: [engine:junit-jupiter]/[class:it.uniba.query.QueryTest]/[method:testQueryYearMonthDayQuestionEdgeWeight()]
display-name: testQueryYearMonthDayQuestionEdgeWeight()
]]></system-out>
</testcase>
<testcase name="testQueryYearMonthDayQuestionEdge()" classname="it.uniba.query.QueryTest" time="0.002">
<system-out><![CDATA[
unique-id: [engine:junit-jupiter]/[class:it.uniba.query.QueryTest]/[method:testQueryYearMonthDayQuestionEdge()]
display-name: testQueryYearMonthDayQuestionEdge()
]]></system-out>
</testcase>
<testcase name="testQueryAnswerUserEdge()" classname="it.uniba.query.QueryTest" time="0.002">
<system-out><![CDATA[
unique-id: [engine:junit-jupiter]/[class:it.uniba.query.QueryTest]/[method:testQueryAnswerUserEdge()]
display-name: testQueryAnswerUserEdge()
]]></system-out>
</testcase>
<testcase name="testQueryYearMonthDayNoType()" classname="it.uniba.query.QueryTest" time="0.002">
<system-out><![CDATA[
unique-id: [engine:junit-jupiter]/[class:it.uniba.query.QueryTest]/[method:testQueryYearMonthDayNoType()]
display-name: testQueryYearMonthDayNoType()
]]></system-out>
</testcase>
<testcase name="testQueryYearMonthDayPost()" classname="it.uniba.query.QueryTest" time="0.002">
<system-out><![CDATA[
unique-id: [engine:junit-jupiter]/[class:it.uniba.query.QueryTest]/[method:testQueryYearMonthDayPost()]
display-name: testQueryYearMonthDayPost()
]]></system-out>
</testcase>
<testcase name="testQueryAnswerUserEdgeWeight()" classname="it.uniba.query.QueryTest" time="0.002">
<system-out><![CDATA[
unique-id: [engine:junit-jupiter]/[class:it.uniba.query.QueryTest]/[method:testQueryAnswerUserEdgeWeight()]
display-name: testQueryAnswerUserEdgeWeight()
]]></system-out>
</testcase>
<testcase name="testQueryYearMonthAnswerTag()" classname="it.uniba.query.QueryTest" time="0.001">
<system-out><![CDATA[
unique-id: [engine:junit-jupiter]/[class:it.uniba.query.QueryTest]/[method:testQueryYearMonthAnswerTag()]
display-name: testQueryYearMonthAnswerTag()
]]></system-out>
</testcase>
<testcase name="testQueryYearMonthPostTag()" classname="it.uniba.query.QueryTest" time="0.002">
<system-out><![CDATA[
unique-id: [engine:junit-jupiter]/[class:it.uniba.query.QueryTest]/[method:testQueryYearMonthPostTag()]
display-name: testQueryYearMonthPostTag()
]]></system-out>
</testcase>
<testcase name="testParser()" classname="it.uniba.parsing.ParserTest" time="0.001">
<system-out><![CDATA[
unique-id: [engine:junit-jupiter]/[class:it.uniba.parsing.ParserTest]/[method:testParser()]
display-name: testParser()
]]></system-out>
</testcase>
<testcase name="testArguments()" classname="it.uniba.parsing.ArgumentsTest" time="0.002">
<system-out><![CDATA[
unique-id: [engine:junit-jupiter]/[class:it.uniba.parsing.ArgumentsTest]/[method:testArguments()]
display-name: testArguments()
]]></system-out>
</testcase>
<testcase name="testcreateSheet()" classname="it.uniba.sotorrent.GoogleDocsUtilsTest" time="1.599">
<system-out><![CDATA[
unique-id: [engine:junit-jupiter]/[class:it.uniba.sotorrent.GoogleDocsUtilsTest]/[method:testcreateSheet()]
display-name: testcreateSheet()
]]></system-out>
</testcase>
<testcase name="testgetResultThreeColumns()" classname="it.uniba.sotorrent.SOQueryTest" time="4.809">
<system-out><![CDATA[
unique-id: [engine:junit-jupiter]/[class:it.uniba.sotorrent.SOQueryTest]/[method:testgetResultThreeColumns()]
display-name: testgetResultThreeColumns()
]]></system-out>
</testcase>
<testcase name="testgetResultTwoColumns()" classname="it.uniba.sotorrent.SOQueryTest" time="3.453">
<system-out><![CDATA[
unique-id: [engine:junit-jupiter]/[class:it.uniba.sotorrent.SOQueryTest]/[method:testgetResultTwoColumns()]
display-name: testgetResultTwoColumns()
]]></system-out>
</testcase>
<testcase name="testgetResultOneColumn()" classname="it.uniba.sotorrent.SOQueryTest" time="3.183">
<system-out><![CDATA[
unique-id: [engine:junit-jupiter]/[class:it.uniba.sotorrent.SOQueryTest]/[method:testgetResultOneColumn()]
display-name: testgetResultOneColumn()
]]></system-out>
</testcase>
<system-out><![CDATA[
unique-id: [engine:junit-jupiter]
display-name: JUnit Jupiter
]]></system-out>
</testsuite>
